  Encrypt.cpp
<<<<<<< HEAD
e:\information_security_class\hw1\information_security_class\information_security_class\encrypt.cpp(46): warning C4018: '<': signed/unsigned 不相符
e:\information_security_class\hw1\information_security_class\information_security_class\encrypt.cpp(51): warning C4018: '<': signed/unsigned 不相符
e:\information_security_class\hw1\information_security_class\information_security_class\encrypt.cpp(75): warning C4018: '<': signed/unsigned 不相符
e:\information_security_class\hw1\information_security_class\information_security_class\encrypt.cpp(79): warning C4018: '<': signed/unsigned 不相符
e:\information_security_class\hw1\information_security_class\information_security_class\encrypt.cpp(93): warning C4018: '<': signed/unsigned 不相符
e:\information_security_class\hw1\information_security_class\information_security_class\encrypt.cpp(113): warning C4018: '<': signed/unsigned 不相符
e:\information_security_class\hw1\information_security_class\information_security_class\encrypt.cpp(128): warning C4018: '<': signed/unsigned 不相符
e:\information_security_class\hw1\information_security_class\information_security_class\encrypt.cpp(236): warning C4018: '<': signed/unsigned 不相符
e:\information_security_class\hw1\information_security_class\information_security_class\encrypt.cpp(246): warning C4018: '<': signed/unsigned 不相符
e:\information_security_class\hw1\information_security_class\information_security_class\encrypt.cpp(249): warning C4018: '<': signed/unsigned 不相符
e:\information_security_class\hw1\information_security_class\information_security_class\encrypt.cpp(261): warning C4018: '<': signed/unsigned 不相符
e:\information_security_class\hw1\information_security_class\information_security_class\encrypt.cpp(262): warning C4018: '<': signed/unsigned 不相符
e:\information_security_class\hw1\information_security_class\information_security_class\encrypt.cpp(274): warning C4018: '<=': signed/unsigned 不相符
e:\information_security_class\hw1\information_security_class\information_security_class\encrypt.cpp(276): warning C4018: '<': signed/unsigned 不相符
e:\information_security_class\hw1\information_security_class\information_security_class\encrypt.cpp(283): warning C4018: '<': signed/unsigned 不相符
e:\information_security_class\hw1\information_security_class\information_security_class\encrypt.cpp(284): warning C4018: '<': signed/unsigned 不相符
e:\information_security_class\hw1\information_security_class\information_security_class\encrypt.cpp(289): warning C4018: '<': signed/unsigned 不相符
e:\information_security_class\hw1\information_security_class\information_security_class\encrypt.cpp(299): warning C4018: '<': signed/unsigned 不相符
e:\information_security_class\hw1\information_security_class\information_security_class\encrypt.cpp(310): warning C4018: '<': signed/unsigned 不相符
e:\information_security_class\hw1\information_security_class\information_security_class\encrypt.cpp(330): warning C4018: '<': signed/unsigned 不相符
e:\information_security_class\hw1\information_security_class\information_security_class\encrypt.cpp(331): warning C4018: '<': signed/unsigned 不相符
e:\information_security_class\hw1\information_security_class\information_security_class\encrypt.cpp(346): warning C4018: '<': signed/unsigned 不相符
  Information_Security_Class.vcxproj -> E:\information_Security_Class\HW1\Information_Security_Class\Debug\Information_Security_Class.exe
=======
c:\users\viege\documents\information_security_class\information_security_class\information_security_class\encrypt.cpp(42): warning C4018: '<': signed/unsigned 不相符
c:\users\viege\documents\information_security_class\information_security_class\information_security_class\encrypt.cpp(47): warning C4018: '<': signed/unsigned 不相符
c:\users\viege\documents\information_security_class\information_security_class\information_security_class\encrypt.cpp(71): warning C4018: '<': signed/unsigned 不相符
c:\users\viege\documents\information_security_class\information_security_class\information_security_class\encrypt.cpp(75): warning C4018: '<': signed/unsigned 不相符
c:\users\viege\documents\information_security_class\information_security_class\information_security_class\encrypt.cpp(89): warning C4018: '<': signed/unsigned 不相符
c:\users\viege\documents\information_security_class\information_security_class\information_security_class\encrypt.cpp(109): warning C4018: '<': signed/unsigned 不相符
c:\users\viege\documents\information_security_class\information_security_class\information_security_class\encrypt.cpp(124): warning C4018: '<': signed/unsigned 不相符
c:\users\viege\documents\information_security_class\information_security_class\information_security_class\encrypt.cpp(232): warning C4018: '<': signed/unsigned 不相符
c:\users\viege\documents\information_security_class\information_security_class\information_security_class\encrypt.cpp(242): warning C4018: '<': signed/unsigned 不相符
c:\users\viege\documents\information_security_class\information_security_class\information_security_class\encrypt.cpp(245): warning C4018: '<': signed/unsigned 不相符
c:\users\viege\documents\information_security_class\information_security_class\information_security_class\encrypt.cpp(257): warning C4018: '<': signed/unsigned 不相符
c:\users\viege\documents\information_security_class\information_security_class\information_security_class\encrypt.cpp(258): warning C4018: '<': signed/unsigned 不相符
c:\users\viege\documents\information_security_class\information_security_class\information_security_class\encrypt.cpp(270): warning C4018: '<=': signed/unsigned 不相符
c:\users\viege\documents\information_security_class\information_security_class\information_security_class\encrypt.cpp(272): warning C4018: '<': signed/unsigned 不相符
c:\users\viege\documents\information_security_class\information_security_class\information_security_class\encrypt.cpp(279): warning C4018: '<': signed/unsigned 不相符
c:\users\viege\documents\information_security_class\information_security_class\information_security_class\encrypt.cpp(280): warning C4018: '<': signed/unsigned 不相符
c:\users\viege\documents\information_security_class\information_security_class\information_security_class\encrypt.cpp(285): warning C4018: '<': signed/unsigned 不相符
c:\users\viege\documents\information_security_class\information_security_class\information_security_class\encrypt.cpp(295): warning C4018: '<': signed/unsigned 不相符
c:\users\viege\documents\information_security_class\information_security_class\information_security_class\encrypt.cpp(306): warning C4018: '<': signed/unsigned 不相符
c:\users\viege\documents\information_security_class\information_security_class\information_security_class\encrypt.cpp(317): warning C4018: '<': signed/unsigned 不相符
c:\users\viege\documents\information_security_class\information_security_class\information_security_class\encrypt.cpp(318): warning C4018: '<': signed/unsigned 不相符
  Information_Security_Class.vcxproj -> C:\Users\viege\Documents\Information_Security_Class\Information_Security_Class\Debug\Information_Security_Class.exe
>>>>>>> ee57122afd1a5da839a5876ec06b1a658b643ac3
